2022-06-26 11:52:13,651 Namespace(K=5, N_for_test=5, N_for_train=5, Q=5, adv=None, batch=2, cross_domain=False, hidden_size=768, learning_rate=0.001, max_length=90, model_name='MG-FRTE', roberta=False)
2022-06-26 11:52:17,301 it:0, model name:MG-FRTE_seed=3000_MG-FRTE_prev, loss:53.68421, entity_loss:50.46878, relation_loss:3.21543
2022-06-26 11:52:25,517 it:20, model name:MG-FRTE_seed=3000_MG-FRTE_prev, loss:36.76220, entity_loss:34.47391, relation_loss:2.28830
2022-06-26 11:52:33,996 it:40, model name:MG-FRTE_seed=3000_MG-FRTE_prev, loss:27.43755, entity_loss:26.11654, relation_loss:1.32101
2022-06-26 11:52:42,315 it:60, model name:MG-FRTE_seed=3000_MG-FRTE_prev, loss:23.63365, entity_loss:22.66496, relation_loss:0.96869
2022-06-26 11:52:50,636 it:80, model name:MG-FRTE_seed=3000_MG-FRTE_prev, loss:18.20890, entity_loss:17.32401, relation_loss:0.88488
2022-06-26 11:52:59,020 it:100, model name:MG-FRTE_seed=3000_MG-FRTE_prev, loss:17.79758, entity_loss:17.10873, relation_loss:0.68884
2022-06-26 11:53:07,453 it:120, model name:MG-FRTE_seed=3000_MG-FRTE_prev, loss:19.29813, entity_loss:18.59631, relation_loss:0.70183
2022-06-26 11:53:15,867 it:140, model name:MG-FRTE_seed=3000_MG-FRTE_prev, loss:15.29504, entity_loss:14.76576, relation_loss:0.52928
2022-06-26 11:53:24,366 it:160, model name:MG-FRTE_seed=3000_MG-FRTE_prev, loss:20.69715, entity_loss:19.78951, relation_loss:0.90764
2022-06-26 11:53:32,817 it:180, model name:MG-FRTE_seed=3000_MG-FRTE_prev, loss:18.03521, entity_loss:17.28757, relation_loss:0.74764
2022-06-26 11:53:41,425 it:200, model name:MG-FRTE_seed=3000_MG-FRTE_prev, loss:14.42898, entity_loss:14.17154, relation_loss:0.25744
2022-06-26 11:53:50,077 it:220, model name:MG-FRTE_seed=3000_MG-FRTE_prev, loss:20.21371, entity_loss:19.25054, relation_loss:0.96317
2022-06-26 11:53:59,164 it:240, model name:MG-FRTE_seed=3000_MG-FRTE_prev, loss:15.43318, entity_loss:14.98803, relation_loss:0.44515
2022-06-26 11:54:07,949 it:260, model name:MG-FRTE_seed=3000_MG-FRTE_prev, loss:14.51564, entity_loss:13.54276, relation_loss:0.97289
2022-06-26 11:54:16,636 it:280, model name:MG-FRTE_seed=3000_MG-FRTE_prev, loss:18.76514, entity_loss:17.56302, relation_loss:1.20212
2022-06-26 11:54:25,550 it:300, model name:MG-FRTE_seed=3000_MG-FRTE_prev, loss:17.07981, entity_loss:16.68682, relation_loss:0.39299
2022-06-26 11:54:34,434 it:320, model name:MG-FRTE_seed=3000_MG-FRTE_prev, loss:19.18200, entity_loss:18.46636, relation_loss:0.71564
2022-06-26 11:54:43,372 it:340, model name:MG-FRTE_seed=3000_MG-FRTE_prev, loss:16.76936, entity_loss:15.57912, relation_loss:1.19024
2022-06-26 11:54:52,303 it:360, model name:MG-FRTE_seed=3000_MG-FRTE_prev, loss:12.20627, entity_loss:11.44819, relation_loss:0.75808
2022-06-26 11:55:01,763 it:380, model name:MG-FRTE_seed=3000_MG-FRTE_prev, loss:12.60480, entity_loss:12.38047, relation_loss:0.22434
2022-06-26 11:55:11,345 it:400, model name:MG-FRTE_seed=3000_MG-FRTE_prev, loss:13.20852, entity_loss:12.62467, relation_loss:0.58385
2022-06-26 11:55:20,886 it:420, model name:MG-FRTE_seed=3000_MG-FRTE_prev, loss:17.18490, entity_loss:16.35537, relation_loss:0.82953
2022-06-26 11:55:30,519 it:440, model name:MG-FRTE_seed=3000_MG-FRTE_prev, loss:13.15388, entity_loss:12.44932, relation_loss:0.70456
2022-06-26 11:55:40,217 it:460, model name:MG-FRTE_seed=3000_MG-FRTE_prev, loss:14.35254, entity_loss:13.64811, relation_loss:0.70443
2022-06-26 11:55:49,883 it:480, model name:MG-FRTE_seed=3000_MG-FRTE_prev, loss:15.81158, entity_loss:15.10031, relation_loss:0.71127
2022-06-26 11:55:59,480 it:500, model name:MG-FRTE_seed=3000_MG-FRTE_prev, loss:14.10695, entity_loss:13.42920, relation_loss:0.67775
2022-06-26 11:56:09,182 it:520, model name:MG-FRTE_seed=3000_MG-FRTE_prev, loss:14.61144, entity_loss:13.54630, relation_loss:1.06514
2022-06-26 11:56:18,804 it:540, model name:MG-FRTE_seed=3000_MG-FRTE_prev, loss:9.47472, entity_loss:9.12276, relation_loss:0.35195
2022-06-26 11:56:28,131 it:560, model name:MG-FRTE_seed=3000_MG-FRTE_prev, loss:12.17902, entity_loss:11.25011, relation_loss:0.92890
2022-06-26 11:56:44,953 it:580, model name:MG-FRTE_seed=3000_MG-FRTE_prev, loss:11.40846, entity_loss:11.07127, relation_loss:0.33719
2022-06-26 11:56:57,196 it:600, model name:MG-FRTE_seed=3000_MG-FRTE_prev, loss:13.12090, entity_loss:12.73597, relation_loss:0.38493
2022-06-26 11:57:09,367 it:620, model name:MG-FRTE_seed=3000_MG-FRTE_prev, loss:9.54859, entity_loss:9.34765, relation_loss:0.20094
2022-06-26 11:57:20,522 it:640, model name:MG-FRTE_seed=3000_MG-FRTE_prev, loss:12.63134, entity_loss:12.11645, relation_loss:0.51489
2022-06-26 11:57:31,495 it:660, model name:MG-FRTE_seed=3000_MG-FRTE_prev, loss:12.12407, entity_loss:11.47569, relation_loss:0.64839
2022-06-26 11:57:42,353 it:680, model name:MG-FRTE_seed=3000_MG-FRTE_prev, loss:13.23393, entity_loss:12.68768, relation_loss:0.54624
2022-06-26 11:57:53,308 it:700, model name:MG-FRTE_seed=3000_MG-FRTE_prev, loss:13.90359, entity_loss:13.08140, relation_loss:0.82219
2022-06-26 11:58:04,188 it:720, model name:MG-FRTE_seed=3000_MG-FRTE_prev, loss:11.52223, entity_loss:11.17263, relation_loss:0.34960
2022-06-26 11:58:15,040 it:740, model name:MG-FRTE_seed=3000_MG-FRTE_prev, loss:11.37079, entity_loss:10.87885, relation_loss:0.49194
2022-06-26 11:58:25,952 it:760, model name:MG-FRTE_seed=3000_MG-FRTE_prev, loss:10.18278, entity_loss:9.98795, relation_loss:0.19482
2022-06-26 11:58:37,025 it:780, model name:MG-FRTE_seed=3000_MG-FRTE_prev, loss:13.02358, entity_loss:12.12304, relation_loss:0.90053
2022-06-26 11:58:47,548 it:800, model name:MG-FRTE_seed=3000_MG-FRTE_prev, loss:13.91103, entity_loss:12.73494, relation_loss:1.17609
2022-06-26 11:58:57,740 it:820, model name:MG-FRTE_seed=3000_MG-FRTE_prev, loss:11.37948, entity_loss:10.52903, relation_loss:0.85045
2022-06-26 11:59:08,090 it:840, model name:MG-FRTE_seed=3000_MG-FRTE_prev, loss:10.63086, entity_loss:10.55120, relation_loss:0.07966
2022-06-26 11:59:18,220 it:860, model name:MG-FRTE_seed=3000_MG-FRTE_prev, loss:14.18243, entity_loss:13.38926, relation_loss:0.79317
2022-06-26 11:59:28,292 it:880, model name:MG-FRTE_seed=3000_MG-FRTE_prev, loss:9.84787, entity_loss:9.64590, relation_loss:0.20196
2022-06-26 11:59:38,323 it:900, model name:MG-FRTE_seed=3000_MG-FRTE_prev, loss:14.48397, entity_loss:13.87436, relation_loss:0.60961
2022-06-26 11:59:48,443 it:920, model name:MG-FRTE_seed=3000_MG-FRTE_prev, loss:10.58666, entity_loss:10.17201, relation_loss:0.41464
2022-06-26 11:59:58,657 it:940, model name:MG-FRTE_seed=3000_MG-FRTE_prev, loss:11.24372, entity_loss:10.42081, relation_loss:0.82290
2022-06-26 12:00:08,736 it:960, model name:MG-FRTE_seed=3000_MG-FRTE_prev, loss:12.35191, entity_loss:11.23546, relation_loss:1.11645
2022-06-26 12:00:19,070 it:980, model name:MG-FRTE_seed=3000_MG-FRTE_prev, loss:7.90630, entity_loss:7.60064, relation_loss:0.30566
2022-06-26 12:01:47,520 Entity: precision: 0.5424, recall: 0.4822, f1: 0.5067
2022-06-26 12:01:47,520 Relation: precision: 0.8510, recall: 0.8510, f1: 0.8510
2022-06-26 12:01:47,520 Triple: precision: 0.5344, recall: 0.4750, f1: 0.4992
2022-06-26 12:01:47,523 999---5-way-5-shot val   Val accuracy: 49.92
2022-06-26 12:01:48,511 it:1000, model name:MG-FRTE_seed=3000_MG-FRTE_prev, loss:11.35322, entity_loss:10.79841, relation_loss:0.55481
2022-06-26 12:01:57,367 it:1020, model name:MG-FRTE_seed=3000_MG-FRTE_prev, loss:9.59566, entity_loss:9.17872, relation_loss:0.41695
2022-06-26 12:02:06,327 it:1040, model name:MG-FRTE_seed=3000_MG-FRTE_prev, loss:10.77636, entity_loss:10.03000, relation_loss:0.74637
2022-06-26 12:02:15,095 it:1060, model name:MG-FRTE_seed=3000_MG-FRTE_prev, loss:9.85939, entity_loss:9.13191, relation_loss:0.72748
2022-06-26 12:02:25,794 it:1080, model name:MG-FRTE_seed=3000_MG-FRTE_prev, loss:8.78994, entity_loss:8.54298, relation_loss:0.24696
2022-06-26 12:02:36,488 it:1100, model name:MG-FRTE_seed=3000_MG-FRTE_prev, loss:8.01145, entity_loss:7.58869, relation_loss:0.42275
2022-06-26 12:02:47,344 it:1120, model name:MG-FRTE_seed=3000_MG-FRTE_prev, loss:11.07807, entity_loss:10.64540, relation_loss:0.43266
2022-06-26 12:02:57,900 it:1140, model name:MG-FRTE_seed=3000_MG-FRTE_prev, loss:11.64739, entity_loss:10.43949, relation_loss:1.20790
2022-06-26 12:03:08,468 it:1160, model name:MG-FRTE_seed=3000_MG-FRTE_prev, loss:8.60049, entity_loss:8.44074, relation_loss:0.15975
2022-06-26 12:03:19,048 it:1180, model name:MG-FRTE_seed=3000_MG-FRTE_prev, loss:7.66419, entity_loss:6.98006, relation_loss:0.68413
2022-06-26 12:03:29,652 it:1200, model name:MG-FRTE_seed=3000_MG-FRTE_prev, loss:8.38644, entity_loss:7.99438, relation_loss:0.39206
2022-06-26 12:03:40,363 it:1220, model name:MG-FRTE_seed=3000_MG-FRTE_prev, loss:10.58744, entity_loss:9.87734, relation_loss:0.71009
2022-06-26 12:03:50,858 it:1240, model name:MG-FRTE_seed=3000_MG-FRTE_prev, loss:8.10349, entity_loss:7.55562, relation_loss:0.54787
2022-06-26 12:04:01,434 it:1260, model name:MG-FRTE_seed=3000_MG-FRTE_prev, loss:8.42780, entity_loss:8.18395, relation_loss:0.24385
2022-06-26 12:04:12,046 it:1280, model name:MG-FRTE_seed=3000_MG-FRTE_prev, loss:10.65867, entity_loss:10.13564, relation_loss:0.52303
2022-06-26 12:04:22,600 it:1300, model name:MG-FRTE_seed=3000_MG-FRTE_prev, loss:7.84453, entity_loss:7.24284, relation_loss:0.60170
2022-06-26 12:04:33,097 it:1320, model name:MG-FRTE_seed=3000_MG-FRTE_prev, loss:6.28588, entity_loss:6.08376, relation_loss:0.20212
2022-06-26 12:04:43,530 it:1340, model name:MG-FRTE_seed=3000_MG-FRTE_prev, loss:7.84190, entity_loss:7.47491, relation_loss:0.36699
2022-06-26 12:04:53,992 it:1360, model name:MG-FRTE_seed=3000_MG-FRTE_prev, loss:10.45942, entity_loss:9.95207, relation_loss:0.50735
2022-06-26 12:05:04,469 it:1380, model name:MG-FRTE_seed=3000_MG-FRTE_prev, loss:9.50090, entity_loss:9.30782, relation_loss:0.19308
2022-06-26 12:05:15,016 it:1400, model name:MG-FRTE_seed=3000_MG-FRTE_prev, loss:8.37981, entity_loss:7.63149, relation_loss:0.74832
2022-06-26 12:05:25,613 it:1420, model name:MG-FRTE_seed=3000_MG-FRTE_prev, loss:11.01342, entity_loss:10.58142, relation_loss:0.43200
2022-06-26 12:05:36,052 it:1440, model name:MG-FRTE_seed=3000_MG-FRTE_prev, loss:9.82367, entity_loss:9.50259, relation_loss:0.32108
2022-06-26 12:05:46,564 it:1460, model name:MG-FRTE_seed=3000_MG-FRTE_prev, loss:9.62478, entity_loss:9.24467, relation_loss:0.38011
2022-06-26 12:05:57,225 it:1480, model name:MG-FRTE_seed=3000_MG-FRTE_prev, loss:11.46104, entity_loss:10.23077, relation_loss:1.23027
2022-06-26 12:06:07,816 it:1500, model name:MG-FRTE_seed=3000_MG-FRTE_prev, loss:6.23938, entity_loss:6.01799, relation_loss:0.22139
2022-06-26 12:06:18,263 it:1520, model name:MG-FRTE_seed=3000_MG-FRTE_prev, loss:9.50766, entity_loss:8.90299, relation_loss:0.60467
2022-06-26 12:06:28,766 it:1540, model name:MG-FRTE_seed=3000_MG-FRTE_prev, loss:6.55960, entity_loss:5.87966, relation_loss:0.67994
2022-06-26 12:06:39,199 it:1560, model name:MG-FRTE_seed=3000_MG-FRTE_prev, loss:6.94459, entity_loss:6.35301, relation_loss:0.59158
2022-06-26 12:06:49,659 it:1580, model name:MG-FRTE_seed=3000_MG-FRTE_prev, loss:6.87992, entity_loss:6.73304, relation_loss:0.14688
2022-06-26 12:07:00,199 it:1600, model name:MG-FRTE_seed=3000_MG-FRTE_prev, loss:5.84649, entity_loss:5.04168, relation_loss:0.80481
2022-06-26 12:07:10,643 it:1620, model name:MG-FRTE_seed=3000_MG-FRTE_prev, loss:6.98761, entity_loss:6.02729, relation_loss:0.96032
2022-06-26 12:07:21,214 it:1640, model name:MG-FRTE_seed=3000_MG-FRTE_prev, loss:5.78417, entity_loss:5.71471, relation_loss:0.06946
2022-06-26 12:07:31,777 it:1660, model name:MG-FRTE_seed=3000_MG-FRTE_prev, loss:7.19126, entity_loss:6.83754, relation_loss:0.35372
2022-06-26 12:07:42,345 it:1680, model name:MG-FRTE_seed=3000_MG-FRTE_prev, loss:7.80283, entity_loss:7.54527, relation_loss:0.25756
2022-06-26 12:07:52,754 it:1700, model name:MG-FRTE_seed=3000_MG-FRTE_prev, loss:6.15567, entity_loss:5.87786, relation_loss:0.27780
2022-06-26 12:08:03,177 it:1720, model name:MG-FRTE_seed=3000_MG-FRTE_prev, loss:7.90166, entity_loss:7.12622, relation_loss:0.77544
2022-06-26 12:08:13,589 it:1740, model name:MG-FRTE_seed=3000_MG-FRTE_prev, loss:9.87724, entity_loss:8.77488, relation_loss:1.10237
2022-06-26 12:08:24,168 it:1760, model name:MG-FRTE_seed=3000_MG-FRTE_prev, loss:6.15495, entity_loss:5.41601, relation_loss:0.73894
2022-06-26 12:08:34,630 it:1780, model name:MG-FRTE_seed=3000_MG-FRTE_prev, loss:8.56021, entity_loss:7.92262, relation_loss:0.63760
2022-06-26 12:08:45,086 it:1800, model name:MG-FRTE_seed=3000_MG-FRTE_prev, loss:7.22544, entity_loss:6.97496, relation_loss:0.25048
2022-06-26 12:08:55,529 it:1820, model name:MG-FRTE_seed=3000_MG-FRTE_prev, loss:8.02301, entity_loss:7.37914, relation_loss:0.64387
2022-06-26 12:09:06,011 it:1840, model name:MG-FRTE_seed=3000_MG-FRTE_prev, loss:6.15086, entity_loss:5.47017, relation_loss:0.68069
2022-06-26 12:09:16,449 it:1860, model name:MG-FRTE_seed=3000_MG-FRTE_prev, loss:4.70738, entity_loss:4.53206, relation_loss:0.17532
2022-06-26 12:09:26,912 it:1880, model name:MG-FRTE_seed=3000_MG-FRTE_prev, loss:9.67122, entity_loss:8.62805, relation_loss:1.04318
2022-06-26 12:09:37,290 it:1900, model name:MG-FRTE_seed=3000_MG-FRTE_prev, loss:6.42422, entity_loss:5.69603, relation_loss:0.72819
2022-06-26 12:09:47,784 it:1920, model name:MG-FRTE_seed=3000_MG-FRTE_prev, loss:5.90110, entity_loss:5.38187, relation_loss:0.51923
2022-06-26 12:09:58,344 it:1940, model name:MG-FRTE_seed=3000_MG-FRTE_prev, loss:8.96149, entity_loss:8.77181, relation_loss:0.18967
2022-06-26 12:10:08,850 it:1960, model name:MG-FRTE_seed=3000_MG-FRTE_prev, loss:5.29647, entity_loss:5.21622, relation_loss:0.08026
2022-06-26 12:10:19,315 it:1980, model name:MG-FRTE_seed=3000_MG-FRTE_prev, loss:5.96901, entity_loss:5.82529, relation_loss:0.14371
2022-06-26 12:11:47,966 Entity: precision: 0.5695, recall: 0.5145, f1: 0.5378
2022-06-26 12:11:47,966 Relation: precision: 0.8654, recall: 0.8654, f1: 0.8654
2022-06-26 12:11:47,966 Triple: precision: 0.5604, recall: 0.5062, f1: 0.5292
2022-06-26 12:11:47,969 1999---5-way-5-shot val   Val accuracy: 52.92
2022-06-26 12:11:49,237 it:2000, model name:MG-FRTE_seed=3000_MG-FRTE_prev, loss:9.05334, entity_loss:8.64017, relation_loss:0.41317
2022-06-26 12:11:58,432 it:2020, model name:MG-FRTE_seed=3000_MG-FRTE_prev, loss:8.22084, entity_loss:7.99107, relation_loss:0.22976
2022-06-26 12:12:07,554 it:2040, model name:MG-FRTE_seed=3000_MG-FRTE_prev, loss:7.93917, entity_loss:7.68502, relation_loss:0.25415
2022-06-26 12:12:16,566 it:2060, model name:MG-FRTE_seed=3000_MG-FRTE_prev, loss:6.79829, entity_loss:6.24694, relation_loss:0.55135
2022-06-26 12:12:33,577 it:2080, model name:MG-FRTE_seed=3000_MG-FRTE_prev, loss:7.01951, entity_loss:6.25635, relation_loss:0.76316
2022-06-26 12:12:46,054 it:2100, model name:MG-FRTE_seed=3000_MG-FRTE_prev, loss:5.67826, entity_loss:5.54053, relation_loss:0.13773
2022-06-26 12:12:57,686 it:2120, model name:MG-FRTE_seed=3000_MG-FRTE_prev, loss:5.83813, entity_loss:5.56867, relation_loss:0.26946
2022-06-26 12:13:09,260 it:2140, model name:MG-FRTE_seed=3000_MG-FRTE_prev, loss:7.25052, entity_loss:6.87901, relation_loss:0.37150
2022-06-26 12:13:20,929 it:2160, model name:MG-FRTE_seed=3000_MG-FRTE_prev, loss:8.02855, entity_loss:7.30694, relation_loss:0.72161
2022-06-26 12:13:32,452 it:2180, model name:MG-FRTE_seed=3000_MG-FRTE_prev, loss:6.85323, entity_loss:6.17475, relation_loss:0.67848
2022-06-26 12:13:43,892 it:2200, model name:MG-FRTE_seed=3000_MG-FRTE_prev, loss:5.66520, entity_loss:5.39726, relation_loss:0.26793
2022-06-26 12:13:55,437 it:2220, model name:MG-FRTE_seed=3000_MG-FRTE_prev, loss:7.72569, entity_loss:7.15611, relation_loss:0.56959
2022-06-26 12:14:06,923 it:2240, model name:MG-FRTE_seed=3000_MG-FRTE_prev, loss:8.11544, entity_loss:7.51862, relation_loss:0.59682
2022-06-26 12:14:18,274 it:2260, model name:MG-FRTE_seed=3000_MG-FRTE_prev, loss:6.35372, entity_loss:5.90717, relation_loss:0.44655
2022-06-26 12:14:29,167 it:2280, model name:MG-FRTE_seed=3000_MG-FRTE_prev, loss:9.36907, entity_loss:8.50612, relation_loss:0.86295
2022-06-26 12:14:40,198 it:2300, model name:MG-FRTE_seed=3000_MG-FRTE_prev, loss:6.87157, entity_loss:6.39478, relation_loss:0.47679
2022-06-26 12:14:51,206 it:2320, model name:MG-FRTE_seed=3000_MG-FRTE_prev, loss:7.46981, entity_loss:7.18891, relation_loss:0.28089
2022-06-26 12:15:02,174 it:2340, model name:MG-FRTE_seed=3000_MG-FRTE_prev, loss:6.96452, entity_loss:6.55683, relation_loss:0.40769
2022-06-26 12:15:13,171 it:2360, model name:MG-FRTE_seed=3000_MG-FRTE_prev, loss:5.66512, entity_loss:5.56931, relation_loss:0.09581
2022-06-26 12:15:23,838 it:2380, model name:MG-FRTE_seed=3000_MG-FRTE_prev, loss:6.40053, entity_loss:5.98008, relation_loss:0.42044
2022-06-26 12:15:34,428 it:2400, model name:MG-FRTE_seed=3000_MG-FRTE_prev, loss:4.86058, entity_loss:3.79672, relation_loss:1.06386
2022-06-26 12:15:44,919 it:2420, model name:MG-FRTE_seed=3000_MG-FRTE_prev, loss:6.74779, entity_loss:6.53317, relation_loss:0.21462
2022-06-26 12:15:55,465 it:2440, model name:MG-FRTE_seed=3000_MG-FRTE_prev, loss:6.88741, entity_loss:6.36878, relation_loss:0.51863
2022-06-26 12:16:05,982 it:2460, model name:MG-FRTE_seed=3000_MG-FRTE_prev, loss:7.03833, entity_loss:6.37756, relation_loss:0.66077
2022-06-26 12:16:16,502 it:2480, model name:MG-FRTE_seed=3000_MG-FRTE_prev, loss:5.47190, entity_loss:4.99318, relation_loss:0.47872
2022-06-26 12:16:27,236 it:2500, model name:MG-FRTE_seed=3000_MG-FRTE_prev, loss:7.51394, entity_loss:7.18579, relation_loss:0.32815
2022-06-26 12:16:37,922 it:2520, model name:MG-FRTE_seed=3000_MG-FRTE_prev, loss:6.11293, entity_loss:5.70513, relation_loss:0.40781
2022-06-26 12:16:48,420 it:2540, model name:MG-FRTE_seed=3000_MG-FRTE_prev, loss:6.15025, entity_loss:5.65132, relation_loss:0.49893
2022-06-26 12:16:59,055 it:2560, model name:MG-FRTE_seed=3000_MG-FRTE_prev, loss:5.74735, entity_loss:5.25211, relation_loss:0.49524
2022-06-26 12:17:09,500 it:2580, model name:MG-FRTE_seed=3000_MG-FRTE_prev, loss:6.02486, entity_loss:5.86330, relation_loss:0.16156
2022-06-26 12:17:19,957 it:2600, model name:MG-FRTE_seed=3000_MG-FRTE_prev, loss:6.24694, entity_loss:5.49113, relation_loss:0.75581
2022-06-26 12:17:30,522 it:2620, model name:MG-FRTE_seed=3000_MG-FRTE_prev, loss:5.62080, entity_loss:5.21545, relation_loss:0.40535
2022-06-26 12:17:41,011 it:2640, model name:MG-FRTE_seed=3000_MG-FRTE_prev, loss:5.49657, entity_loss:5.11421, relation_loss:0.38235
2022-06-26 12:17:51,508 it:2660, model name:MG-FRTE_seed=3000_MG-FRTE_prev, loss:5.55923, entity_loss:5.17769, relation_loss:0.38154
2022-06-26 12:18:01,998 it:2680, model name:MG-FRTE_seed=3000_MG-FRTE_prev, loss:5.25243, entity_loss:4.64901, relation_loss:0.60341
2022-06-26 12:18:12,427 it:2700, model name:MG-FRTE_seed=3000_MG-FRTE_prev, loss:5.70561, entity_loss:5.35132, relation_loss:0.35430
2022-06-26 12:18:23,001 it:2720, model name:MG-FRTE_seed=3000_MG-FRTE_prev, loss:5.91444, entity_loss:5.59045, relation_loss:0.32399
2022-06-26 12:18:33,544 it:2740, model name:MG-FRTE_seed=3000_MG-FRTE_prev, loss:6.03655, entity_loss:5.51797, relation_loss:0.51858
2022-06-26 12:18:44,135 it:2760, model name:MG-FRTE_seed=3000_MG-FRTE_prev, loss:4.72970, entity_loss:4.41177, relation_loss:0.31793
2022-06-26 12:18:54,700 it:2780, model name:MG-FRTE_seed=3000_MG-FRTE_prev, loss:6.65518, entity_loss:6.08970, relation_loss:0.56548
2022-06-26 12:19:05,207 it:2800, model name:MG-FRTE_seed=3000_MG-FRTE_prev, loss:4.48726, entity_loss:4.38455, relation_loss:0.10271
2022-06-26 12:19:15,753 it:2820, model name:MG-FRTE_seed=3000_MG-FRTE_prev, loss:7.81487, entity_loss:7.40895, relation_loss:0.40591
2022-06-26 12:19:26,388 it:2840, model name:MG-FRTE_seed=3000_MG-FRTE_prev, loss:6.36782, entity_loss:5.18905, relation_loss:1.17877
2022-06-26 12:19:36,892 it:2860, model name:MG-FRTE_seed=3000_MG-FRTE_prev, loss:4.57203, entity_loss:4.45843, relation_loss:0.11360
2022-06-26 12:19:47,489 it:2880, model name:MG-FRTE_seed=3000_MG-FRTE_prev, loss:4.55193, entity_loss:4.51886, relation_loss:0.03307
2022-06-26 12:19:58,051 it:2900, model name:MG-FRTE_seed=3000_MG-FRTE_prev, loss:5.72738, entity_loss:5.37025, relation_loss:0.35713
2022-06-26 12:20:08,659 it:2920, model name:MG-FRTE_seed=3000_MG-FRTE_prev, loss:4.19559, entity_loss:4.06267, relation_loss:0.13292
2022-06-26 12:20:19,162 it:2940, model name:MG-FRTE_seed=3000_MG-FRTE_prev, loss:4.87467, entity_loss:4.46725, relation_loss:0.40742
2022-06-26 12:20:29,652 it:2960, model name:MG-FRTE_seed=3000_MG-FRTE_prev, loss:7.35967, entity_loss:6.92407, relation_loss:0.43560
2022-06-26 12:20:40,261 it:2980, model name:MG-FRTE_seed=3000_MG-FRTE_prev, loss:4.14233, entity_loss:4.10962, relation_loss:0.03271
2022-06-26 12:22:09,334 Entity: precision: 0.5749, recall: 0.5106, f1: 0.5380
2022-06-26 12:22:09,335 Relation: precision: 0.8689, recall: 0.8689, f1: 0.8689
2022-06-26 12:22:09,335 Triple: precision: 0.5645, recall: 0.5014, f1: 0.5283
2022-06-26 12:22:09,337 2999---5-way-5-shot val   Val accuracy: 52.83
2022-06-26 12:22:09,799 it:3000, model name:MG-FRTE_seed=3000_MG-FRTE_prev, loss:5.77089, entity_loss:5.41448, relation_loss:0.35641
2022-06-26 12:22:18,547 it:3020, model name:MG-FRTE_seed=3000_MG-FRTE_prev, loss:5.61977, entity_loss:5.10393, relation_loss:0.51584
2022-06-26 12:22:27,577 it:3040, model name:MG-FRTE_seed=3000_MG-FRTE_prev, loss:5.81814, entity_loss:5.55199, relation_loss:0.26615
2022-06-26 12:22:43,565 it:3060, model name:MG-FRTE_seed=3000_MG-FRTE_prev, loss:4.77447, entity_loss:4.42033, relation_loss:0.35413
2022-06-26 12:22:55,851 it:3080, model name:MG-FRTE_seed=3000_MG-FRTE_prev, loss:5.09544, entity_loss:4.79196, relation_loss:0.30348
2022-06-26 12:23:07,952 it:3100, model name:MG-FRTE_seed=3000_MG-FRTE_prev, loss:6.34850, entity_loss:6.07377, relation_loss:0.27473
2022-06-26 12:23:19,447 it:3120, model name:MG-FRTE_seed=3000_MG-FRTE_prev, loss:7.03482, entity_loss:6.46249, relation_loss:0.57233
2022-06-26 12:23:30,997 it:3140, model name:MG-FRTE_seed=3000_MG-FRTE_prev, loss:7.13358, entity_loss:6.64849, relation_loss:0.48508
2022-06-26 12:23:42,527 it:3160, model name:MG-FRTE_seed=3000_MG-FRTE_prev, loss:5.82521, entity_loss:5.17312, relation_loss:0.65209
2022-06-26 12:23:54,127 it:3180, model name:MG-FRTE_seed=3000_MG-FRTE_prev, loss:5.61866, entity_loss:5.22248, relation_loss:0.39617
2022-06-26 12:24:05,420 it:3200, model name:MG-FRTE_seed=3000_MG-FRTE_prev, loss:4.35184, entity_loss:4.27473, relation_loss:0.07711
2022-06-26 12:24:16,316 it:3220, model name:MG-FRTE_seed=3000_MG-FRTE_prev, loss:3.91122, entity_loss:3.75887, relation_loss:0.15236
2022-06-26 12:24:27,312 it:3240, model name:MG-FRTE_seed=3000_MG-FRTE_prev, loss:4.87562, entity_loss:4.60888, relation_loss:0.26674
2022-06-26 12:24:38,324 it:3260, model name:MG-FRTE_seed=3000_MG-FRTE_prev, loss:5.05895, entity_loss:4.38776, relation_loss:0.67119
2022-06-26 12:24:49,212 it:3280, model name:MG-FRTE_seed=3000_MG-FRTE_prev, loss:5.17957, entity_loss:4.89642, relation_loss:0.28315
2022-06-26 12:25:00,128 it:3300, model name:MG-FRTE_seed=3000_MG-FRTE_prev, loss:3.48383, entity_loss:3.14667, relation_loss:0.33716
2022-06-26 12:25:11,171 it:3320, model name:MG-FRTE_seed=3000_MG-FRTE_prev, loss:4.64739, entity_loss:4.50285, relation_loss:0.14454
2022-06-26 12:25:22,128 it:3340, model name:MG-FRTE_seed=3000_MG-FRTE_prev, loss:3.36855, entity_loss:3.18272, relation_loss:0.18583
2022-06-26 12:25:32,745 it:3360, model name:MG-FRTE_seed=3000_MG-FRTE_prev, loss:4.91454, entity_loss:4.48149, relation_loss:0.43305
2022-06-26 12:25:43,294 it:3380, model name:MG-FRTE_seed=3000_MG-FRTE_prev, loss:4.30775, entity_loss:3.81596, relation_loss:0.49179
2022-06-26 12:25:53,587 it:3400, model name:MG-FRTE_seed=3000_MG-FRTE_prev, loss:5.97180, entity_loss:5.73725, relation_loss:0.23456
2022-06-26 12:26:04,107 it:3420, model name:MG-FRTE_seed=3000_MG-FRTE_prev, loss:4.91517, entity_loss:4.41826, relation_loss:0.49692
2022-06-26 12:26:14,570 it:3440, model name:MG-FRTE_seed=3000_MG-FRTE_prev, loss:4.03129, entity_loss:3.62313, relation_loss:0.40817
2022-06-26 12:26:25,002 it:3460, model name:MG-FRTE_seed=3000_MG-FRTE_prev, loss:5.74926, entity_loss:5.43233, relation_loss:0.31693
2022-06-26 12:26:35,490 it:3480, model name:MG-FRTE_seed=3000_MG-FRTE_prev, loss:4.78875, entity_loss:4.41064, relation_loss:0.37811
2022-06-26 12:26:45,994 it:3500, model name:MG-FRTE_seed=3000_MG-FRTE_prev, loss:3.78651, entity_loss:3.47044, relation_loss:0.31607
2022-06-26 12:26:56,614 it:3520, model name:MG-FRTE_seed=3000_MG-FRTE_prev, loss:5.28749, entity_loss:4.69373, relation_loss:0.59375
2022-06-26 12:27:07,143 it:3540, model name:MG-FRTE_seed=3000_MG-FRTE_prev, loss:5.42683, entity_loss:3.94622, relation_loss:1.48061
2022-06-26 12:27:17,721 it:3560, model name:MG-FRTE_seed=3000_MG-FRTE_prev, loss:5.27346, entity_loss:4.64691, relation_loss:0.62655
2022-06-26 12:27:28,243 it:3580, model name:MG-FRTE_seed=3000_MG-FRTE_prev, loss:5.61421, entity_loss:5.41290, relation_loss:0.20130
2022-06-26 12:27:38,654 it:3600, model name:MG-FRTE_seed=3000_MG-FRTE_prev, loss:4.83974, entity_loss:4.65836, relation_loss:0.18138
2022-06-26 12:27:49,381 it:3620, model name:MG-FRTE_seed=3000_MG-FRTE_prev, loss:4.46434, entity_loss:4.23136, relation_loss:0.23298
2022-06-26 12:27:59,924 it:3640, model name:MG-FRTE_seed=3000_MG-FRTE_prev, loss:4.49147, entity_loss:4.42977, relation_loss:0.06171
2022-06-26 12:28:10,478 it:3660, model name:MG-FRTE_seed=3000_MG-FRTE_prev, loss:6.68906, entity_loss:6.47869, relation_loss:0.21037
2022-06-26 12:28:21,069 it:3680, model name:MG-FRTE_seed=3000_MG-FRTE_prev, loss:5.43870, entity_loss:5.21535, relation_loss:0.22334
2022-06-26 12:28:31,573 it:3700, model name:MG-FRTE_seed=3000_MG-FRTE_prev, loss:4.61615, entity_loss:4.22732, relation_loss:0.38883
2022-06-26 12:28:41,987 it:3720, model name:MG-FRTE_seed=3000_MG-FRTE_prev, loss:3.78589, entity_loss:3.63525, relation_loss:0.15063
2022-06-26 12:28:52,585 it:3740, model name:MG-FRTE_seed=3000_MG-FRTE_prev, loss:4.90782, entity_loss:4.62174, relation_loss:0.28607
2022-06-26 12:29:03,026 it:3760, model name:MG-FRTE_seed=3000_MG-FRTE_prev, loss:3.59547, entity_loss:3.28170, relation_loss:0.31377
2022-06-26 12:29:13,596 it:3780, model name:MG-FRTE_seed=3000_MG-FRTE_prev, loss:5.91697, entity_loss:5.62024, relation_loss:0.29673
2022-06-26 12:29:24,062 it:3800, model name:MG-FRTE_seed=3000_MG-FRTE_prev, loss:5.10554, entity_loss:5.00764, relation_loss:0.09790
2022-06-26 12:29:34,608 it:3820, model name:MG-FRTE_seed=3000_MG-FRTE_prev, loss:3.47738, entity_loss:3.23989, relation_loss:0.23749
2022-06-26 12:29:45,090 it:3840, model name:MG-FRTE_seed=3000_MG-FRTE_prev, loss:5.91446, entity_loss:5.24567, relation_loss:0.66879
2022-06-26 12:29:55,524 it:3860, model name:MG-FRTE_seed=3000_MG-FRTE_prev, loss:5.57899, entity_loss:4.76600, relation_loss:0.81300
2022-06-26 12:30:06,111 it:3880, model name:MG-FRTE_seed=3000_MG-FRTE_prev, loss:5.18037, entity_loss:5.01588, relation_loss:0.16450
2022-06-26 12:30:16,701 it:3900, model name:MG-FRTE_seed=3000_MG-FRTE_prev, loss:3.81942, entity_loss:3.64545, relation_loss:0.17398
2022-06-26 12:30:27,230 it:3920, model name:MG-FRTE_seed=3000_MG-FRTE_prev, loss:5.57652, entity_loss:5.38421, relation_loss:0.19231
2022-06-26 12:30:37,739 it:3940, model name:MG-FRTE_seed=3000_MG-FRTE_prev, loss:6.18821, entity_loss:5.50042, relation_loss:0.68779
2022-06-26 12:30:48,362 it:3960, model name:MG-FRTE_seed=3000_MG-FRTE_prev, loss:5.46121, entity_loss:4.90201, relation_loss:0.55920
2022-06-26 12:30:58,926 it:3980, model name:MG-FRTE_seed=3000_MG-FRTE_prev, loss:6.51291, entity_loss:5.92880, relation_loss:0.58411
2022-06-26 12:32:27,501 Entity: precision: 0.5733, recall: 0.5254, f1: 0.5458
2022-06-26 12:32:27,501 Relation: precision: 0.8637, recall: 0.8637, f1: 0.8637
2022-06-26 12:32:27,501 Triple: precision: 0.5641, recall: 0.5169, f1: 0.5369
2022-06-26 12:32:27,504 3999---5-way-5-shot val   Val accuracy: 53.69
2022-06-26 12:32:28,848 it:4000, model name:MG-FRTE_seed=3000_MG-FRTE_prev, loss:3.18880, entity_loss:2.88825, relation_loss:0.30055
2022-06-26 12:32:38,002 it:4020, model name:MG-FRTE_seed=3000_MG-FRTE_prev, loss:4.92183, entity_loss:4.86800, relation_loss:0.05383
2022-06-26 12:32:47,088 it:4040, model name:MG-FRTE_seed=3000_MG-FRTE_prev, loss:6.86302, entity_loss:5.95775, relation_loss:0.90527
2022-06-26 12:33:03,898 it:4060, model name:MG-FRTE_seed=3000_MG-FRTE_prev, loss:4.69865, entity_loss:4.49309, relation_loss:0.20556
2022-06-26 12:33:17,328 it:4080, model name:MG-FRTE_seed=3000_MG-FRTE_prev, loss:6.44701, entity_loss:5.29841, relation_loss:1.14860
2022-06-26 12:33:29,065 it:4100, model name:MG-FRTE_seed=3000_MG-FRTE_prev, loss:4.54078, entity_loss:3.94719, relation_loss:0.59358
2022-06-26 12:33:40,881 it:4120, model name:MG-FRTE_seed=3000_MG-FRTE_prev, loss:4.18316, entity_loss:4.06321, relation_loss:0.11995
2022-06-26 12:33:52,700 it:4140, model name:MG-FRTE_seed=3000_MG-FRTE_prev, loss:6.26948, entity_loss:5.78572, relation_loss:0.48375
2022-06-26 12:34:04,517 it:4160, model name:MG-FRTE_seed=3000_MG-FRTE_prev, loss:5.36253, entity_loss:4.65538, relation_loss:0.70716
2022-06-26 12:34:16,118 it:4180, model name:MG-FRTE_seed=3000_MG-FRTE_prev, loss:4.04834, entity_loss:3.84912, relation_loss:0.19921
2022-06-26 12:34:27,494 it:4200, model name:MG-FRTE_seed=3000_MG-FRTE_prev, loss:4.98505, entity_loss:4.73235, relation_loss:0.25270
2022-06-26 12:34:38,729 it:4220, model name:MG-FRTE_seed=3000_MG-FRTE_prev, loss:5.62781, entity_loss:5.44239, relation_loss:0.18543
2022-06-26 12:34:49,940 it:4240, model name:MG-FRTE_seed=3000_MG-FRTE_prev, loss:3.60640, entity_loss:3.29871, relation_loss:0.30769
2022-06-26 12:35:01,124 it:4260, model name:MG-FRTE_seed=3000_MG-FRTE_prev, loss:3.80116, entity_loss:3.34680, relation_loss:0.45436
2022-06-26 12:35:12,237 it:4280, model name:MG-FRTE_seed=3000_MG-FRTE_prev, loss:4.49146, entity_loss:4.37933, relation_loss:0.11213
2022-06-26 12:35:23,286 it:4300, model name:MG-FRTE_seed=3000_MG-FRTE_prev, loss:5.29688, entity_loss:4.88889, relation_loss:0.40799
2022-06-26 12:35:34,405 it:4320, model name:MG-FRTE_seed=3000_MG-FRTE_prev, loss:3.07911, entity_loss:2.85816, relation_loss:0.22095
2022-06-26 12:35:45,563 it:4340, model name:MG-FRTE_seed=3000_MG-FRTE_prev, loss:3.29892, entity_loss:3.24695, relation_loss:0.05197
2022-06-26 12:35:56,753 it:4360, model name:MG-FRTE_seed=3000_MG-FRTE_prev, loss:5.10402, entity_loss:4.50667, relation_loss:0.59735
2022-06-26 12:36:07,845 it:4380, model name:MG-FRTE_seed=3000_MG-FRTE_prev, loss:5.85468, entity_loss:5.13871, relation_loss:0.71597
2022-06-26 12:36:19,006 it:4400, model name:MG-FRTE_seed=3000_MG-FRTE_prev, loss:3.96079, entity_loss:3.78372, relation_loss:0.17707
2022-06-26 12:36:30,277 it:4420, model name:MG-FRTE_seed=3000_MG-FRTE_prev, loss:4.34986, entity_loss:4.30366, relation_loss:0.04620
2022-06-26 12:36:41,324 it:4440, model name:MG-FRTE_seed=3000_MG-FRTE_prev, loss:5.65885, entity_loss:5.05673, relation_loss:0.60212
2022-06-26 12:36:52,363 it:4460, model name:MG-FRTE_seed=3000_MG-FRTE_prev, loss:4.44646, entity_loss:4.30126, relation_loss:0.14520
2022-06-26 12:37:03,493 it:4480, model name:MG-FRTE_seed=3000_MG-FRTE_prev, loss:3.92535, entity_loss:3.83569, relation_loss:0.08966
2022-06-26 12:37:14,576 it:4500, model name:MG-FRTE_seed=3000_MG-FRTE_prev, loss:3.35670, entity_loss:3.23853, relation_loss:0.11817
2022-06-26 12:37:25,582 it:4520, model name:MG-FRTE_seed=3000_MG-FRTE_prev, loss:2.89220, entity_loss:2.42257, relation_loss:0.46963
2022-06-26 12:37:36,631 it:4540, model name:MG-FRTE_seed=3000_MG-FRTE_prev, loss:3.94982, entity_loss:3.03803, relation_loss:0.91179
2022-06-26 12:37:47,634 it:4560, model name:MG-FRTE_seed=3000_MG-FRTE_prev, loss:2.41641, entity_loss:2.17816, relation_loss:0.23825
2022-06-26 12:37:58,692 it:4580, model name:MG-FRTE_seed=3000_MG-FRTE_prev, loss:3.38212, entity_loss:3.31398, relation_loss:0.06814
2022-06-26 12:38:09,758 it:4600, model name:MG-FRTE_seed=3000_MG-FRTE_prev, loss:4.20559, entity_loss:3.98327, relation_loss:0.22232
2022-06-26 12:38:20,335 it:4620, model name:MG-FRTE_seed=3000_MG-FRTE_prev, loss:3.63355, entity_loss:3.56205, relation_loss:0.07150
2022-06-26 12:38:31,110 it:4640, model name:MG-FRTE_seed=3000_MG-FRTE_prev, loss:3.41986, entity_loss:3.20652, relation_loss:0.21334
2022-06-26 12:38:41,730 it:4660, model name:MG-FRTE_seed=3000_MG-FRTE_prev, loss:3.76381, entity_loss:3.48624, relation_loss:0.27757
2022-06-26 12:38:52,470 it:4680, model name:MG-FRTE_seed=3000_MG-FRTE_prev, loss:3.14877, entity_loss:2.88674, relation_loss:0.26202
2022-06-26 12:39:03,035 it:4700, model name:MG-FRTE_seed=3000_MG-FRTE_prev, loss:4.21362, entity_loss:3.75210, relation_loss:0.46151
2022-06-26 12:39:13,783 it:4720, model name:MG-FRTE_seed=3000_MG-FRTE_prev, loss:4.64782, entity_loss:4.35711, relation_loss:0.29071
2022-06-26 12:39:24,401 it:4740, model name:MG-FRTE_seed=3000_MG-FRTE_prev, loss:6.14599, entity_loss:5.17634, relation_loss:0.96965
2022-06-26 12:39:35,017 it:4760, model name:MG-FRTE_seed=3000_MG-FRTE_prev, loss:5.12236, entity_loss:4.70807, relation_loss:0.41429
2022-06-26 12:39:45,667 it:4780, model name:MG-FRTE_seed=3000_MG-FRTE_prev, loss:4.20956, entity_loss:4.05617, relation_loss:0.15339
2022-06-26 12:39:56,293 it:4800, model name:MG-FRTE_seed=3000_MG-FRTE_prev, loss:5.07047, entity_loss:4.86985, relation_loss:0.20061
2022-06-26 12:40:06,933 it:4820, model name:MG-FRTE_seed=3000_MG-FRTE_prev, loss:2.66118, entity_loss:2.33516, relation_loss:0.32602
2022-06-26 12:40:17,695 it:4840, model name:MG-FRTE_seed=3000_MG-FRTE_prev, loss:4.56960, entity_loss:4.14098, relation_loss:0.42862
2022-06-26 12:40:28,225 it:4860, model name:MG-FRTE_seed=3000_MG-FRTE_prev, loss:5.61125, entity_loss:5.17014, relation_loss:0.44111
2022-06-26 12:40:38,981 it:4880, model name:MG-FRTE_seed=3000_MG-FRTE_prev, loss:3.13248, entity_loss:2.83746, relation_loss:0.29501
2022-06-26 12:40:49,785 it:4900, model name:MG-FRTE_seed=3000_MG-FRTE_prev, loss:3.48226, entity_loss:3.04713, relation_loss:0.43514
2022-06-26 12:41:00,430 it:4920, model name:MG-FRTE_seed=3000_MG-FRTE_prev, loss:3.65811, entity_loss:2.92753, relation_loss:0.73059
2022-06-26 12:41:11,044 it:4940, model name:MG-FRTE_seed=3000_MG-FRTE_prev, loss:5.08898, entity_loss:4.77384, relation_loss:0.31515
2022-06-26 12:41:21,774 it:4960, model name:MG-FRTE_seed=3000_MG-FRTE_prev, loss:4.18521, entity_loss:3.84932, relation_loss:0.33589
2022-06-26 12:41:32,480 it:4980, model name:MG-FRTE_seed=3000_MG-FRTE_prev, loss:5.81942, entity_loss:5.21221, relation_loss:0.60721
2022-06-26 12:43:00,958 Entity: precision: 0.5730, recall: 0.5162, f1: 0.5406
2022-06-26 12:43:00,959 Relation: precision: 0.8587, recall: 0.8587, f1: 0.8587
2022-06-26 12:43:00,959 Triple: precision: 0.5620, recall: 0.5064, f1: 0.5302
2022-06-26 12:43:00,962 4999---5-way-5-shot val   Val accuracy: 53.02
2022-06-26 12:43:01,406 it:5000, model name:MG-FRTE_seed=3000_MG-FRTE_prev, loss:4.04224, entity_loss:3.81034, relation_loss:0.23191
2022-06-26 12:43:10,359 it:5020, model name:MG-FRTE_seed=3000_MG-FRTE_prev, loss:3.21894, entity_loss:3.13407, relation_loss:0.08487
2022-06-26 12:43:23,461 it:5040, model name:MG-FRTE_seed=3000_MG-FRTE_prev, loss:4.05672, entity_loss:3.99237, relation_loss:0.06434
2022-06-26 12:43:38,027 it:5060, model name:MG-FRTE_seed=3000_MG-FRTE_prev, loss:2.78470, entity_loss:2.70547, relation_loss:0.07923
2022-06-26 12:43:49,729 it:5080, model name:MG-FRTE_seed=3000_MG-FRTE_prev, loss:3.99454, entity_loss:3.76674, relation_loss:0.22780
2022-06-26 12:44:01,361 it:5100, model name:MG-FRTE_seed=3000_MG-FRTE_prev, loss:4.87323, entity_loss:4.16707, relation_loss:0.70615
2022-06-26 12:44:13,126 it:5120, model name:MG-FRTE_seed=3000_MG-FRTE_prev, loss:3.17835, entity_loss:3.13765, relation_loss:0.04070
2022-06-26 12:44:24,724 it:5140, model name:MG-FRTE_seed=3000_MG-FRTE_prev, loss:2.17276, entity_loss:1.92568, relation_loss:0.24708
2022-06-26 12:44:36,368 it:5160, model name:MG-FRTE_seed=3000_MG-FRTE_prev, loss:4.14662, entity_loss:3.87825, relation_loss:0.26837
2022-06-26 12:44:47,920 it:5180, model name:MG-FRTE_seed=3000_MG-FRTE_prev, loss:2.73158, entity_loss:2.48930, relation_loss:0.24228
2022-06-26 12:44:59,529 it:5200, model name:MG-FRTE_seed=3000_MG-FRTE_prev, loss:4.73170, entity_loss:4.35743, relation_loss:0.37427
2022-06-26 12:45:11,078 it:5220, model name:MG-FRTE_seed=3000_MG-FRTE_prev, loss:3.19759, entity_loss:2.89155, relation_loss:0.30605
2022-06-26 12:45:22,691 it:5240, model name:MG-FRTE_seed=3000_MG-FRTE_prev, loss:4.23103, entity_loss:4.11678, relation_loss:0.11425
2022-06-26 12:45:34,374 it:5260, model name:MG-FRTE_seed=3000_MG-FRTE_prev, loss:4.41774, entity_loss:3.89940, relation_loss:0.51835
2022-06-26 12:45:45,626 it:5280, model name:MG-FRTE_seed=3000_MG-FRTE_prev, loss:3.40612, entity_loss:2.76878, relation_loss:0.63734
2022-06-26 12:45:56,444 it:5300, model name:MG-FRTE_seed=3000_MG-FRTE_prev, loss:3.78570, entity_loss:3.74093, relation_loss:0.04477
2022-06-26 12:46:07,257 it:5320, model name:MG-FRTE_seed=3000_MG-FRTE_prev, loss:5.08743, entity_loss:4.85544, relation_loss:0.23198
2022-06-26 12:46:18,097 it:5340, model name:MG-FRTE_seed=3000_MG-FRTE_prev, loss:2.58553, entity_loss:2.50426, relation_loss:0.08127
2022-06-26 12:46:28,706 it:5360, model name:MG-FRTE_seed=3000_MG-FRTE_prev, loss:4.17817, entity_loss:3.57542, relation_loss:0.60275
2022-06-26 12:46:39,487 it:5380, model name:MG-FRTE_seed=3000_MG-FRTE_prev, loss:4.20893, entity_loss:3.80012, relation_loss:0.40881
2022-06-26 12:46:50,340 it:5400, model name:MG-FRTE_seed=3000_MG-FRTE_prev, loss:4.12236, entity_loss:3.51537, relation_loss:0.60699
2022-06-26 12:47:00,929 it:5420, model name:MG-FRTE_seed=3000_MG-FRTE_prev, loss:2.82430, entity_loss:2.73259, relation_loss:0.09171
2022-06-26 12:47:11,792 it:5440, model name:MG-FRTE_seed=3000_MG-FRTE_prev, loss:3.83878, entity_loss:3.77436, relation_loss:0.06443
2022-06-26 12:47:22,511 it:5460, model name:MG-FRTE_seed=3000_MG-FRTE_prev, loss:5.10002, entity_loss:4.80791, relation_loss:0.29211
2022-06-26 12:47:33,165 it:5480, model name:MG-FRTE_seed=3000_MG-FRTE_prev, loss:3.42373, entity_loss:3.24651, relation_loss:0.17722
2022-06-26 12:47:43,756 it:5500, model name:MG-FRTE_seed=3000_MG-FRTE_prev, loss:3.39148, entity_loss:3.29582, relation_loss:0.09565
2022-06-26 12:47:54,446 it:5520, model name:MG-FRTE_seed=3000_MG-FRTE_prev, loss:3.82259, entity_loss:3.70734, relation_loss:0.11524
2022-06-26 12:48:04,519 it:5540, model name:MG-FRTE_seed=3000_MG-FRTE_prev, loss:3.01344, entity_loss:2.59533, relation_loss:0.41811
2022-06-26 12:48:14,649 it:5560, model name:MG-FRTE_seed=3000_MG-FRTE_prev, loss:2.59469, entity_loss:2.50456, relation_loss:0.09013
2022-06-26 12:48:24,863 it:5580, model name:MG-FRTE_seed=3000_MG-FRTE_prev, loss:3.32798, entity_loss:2.83493, relation_loss:0.49305
2022-06-26 12:48:35,068 it:5600, model name:MG-FRTE_seed=3000_MG-FRTE_prev, loss:3.83075, entity_loss:3.73134, relation_loss:0.09941
2022-06-26 12:48:45,252 it:5620, model name:MG-FRTE_seed=3000_MG-FRTE_prev, loss:4.89542, entity_loss:4.02588, relation_loss:0.86954
2022-06-26 12:48:55,500 it:5640, model name:MG-FRTE_seed=3000_MG-FRTE_prev, loss:3.83501, entity_loss:3.18293, relation_loss:0.65208
2022-06-26 12:49:05,653 it:5660, model name:MG-FRTE_seed=3000_MG-FRTE_prev, loss:4.48609, entity_loss:3.95525, relation_loss:0.53084
2022-06-26 12:49:15,877 it:5680, model name:MG-FRTE_seed=3000_MG-FRTE_prev, loss:2.52929, entity_loss:2.47122, relation_loss:0.05807
2022-06-26 12:49:26,017 it:5700, model name:MG-FRTE_seed=3000_MG-FRTE_prev, loss:3.95823, entity_loss:3.69975, relation_loss:0.25848
2022-06-26 12:49:36,255 it:5720, model name:MG-FRTE_seed=3000_MG-FRTE_prev, loss:3.58769, entity_loss:3.33638, relation_loss:0.25131
2022-06-26 12:49:46,583 it:5740, model name:MG-FRTE_seed=3000_MG-FRTE_prev, loss:2.99593, entity_loss:2.70618, relation_loss:0.28975
2022-06-26 12:49:56,848 it:5760, model name:MG-FRTE_seed=3000_MG-FRTE_prev, loss:3.20667, entity_loss:3.15630, relation_loss:0.05037
2022-06-26 12:50:07,052 it:5780, model name:MG-FRTE_seed=3000_MG-FRTE_prev, loss:4.12374, entity_loss:3.64576, relation_loss:0.47797
2022-06-26 12:50:17,160 it:5800, model name:MG-FRTE_seed=3000_MG-FRTE_prev, loss:3.53975, entity_loss:3.39080, relation_loss:0.14895
2022-06-26 12:50:27,395 it:5820, model name:MG-FRTE_seed=3000_MG-FRTE_prev, loss:3.35622, entity_loss:2.88580, relation_loss:0.47042
2022-06-26 12:50:37,632 it:5840, model name:MG-FRTE_seed=3000_MG-FRTE_prev, loss:3.22646, entity_loss:3.00968, relation_loss:0.21678
2022-06-26 12:50:47,928 it:5860, model name:MG-FRTE_seed=3000_MG-FRTE_prev, loss:4.11403, entity_loss:3.95769, relation_loss:0.15634
2022-06-26 12:50:58,109 it:5880, model name:MG-FRTE_seed=3000_MG-FRTE_prev, loss:3.35497, entity_loss:3.22231, relation_loss:0.13266
2022-06-26 12:51:08,511 it:5900, model name:MG-FRTE_seed=3000_MG-FRTE_prev, loss:3.07676, entity_loss:2.78079, relation_loss:0.29597
2022-06-26 12:51:18,910 it:5920, model name:MG-FRTE_seed=3000_MG-FRTE_prev, loss:4.17537, entity_loss:3.93345, relation_loss:0.24192
2022-06-26 12:51:29,065 it:5940, model name:MG-FRTE_seed=3000_MG-FRTE_prev, loss:4.24786, entity_loss:3.32094, relation_loss:0.92692
2022-06-26 12:51:39,367 it:5960, model name:MG-FRTE_seed=3000_MG-FRTE_prev, loss:3.30753, entity_loss:3.02332, relation_loss:0.28421
2022-06-26 12:51:49,663 it:5980, model name:MG-FRTE_seed=3000_MG-FRTE_prev, loss:3.70705, entity_loss:3.50535, relation_loss:0.20171
2022-06-26 12:53:18,128 Entity: precision: 0.5589, recall: 0.5407, f1: 0.5473
2022-06-26 12:53:18,128 Relation: precision: 0.8666, recall: 0.8666, f1: 0.8666
2022-06-26 12:53:18,128 Triple: precision: 0.5486, recall: 0.5305, f1: 0.5371
2022-06-26 12:53:18,131 5999---5-way-5-shot val   Val accuracy: 53.71
2022-06-26 12:53:19,350 it:6000, model name:MG-FRTE_seed=3000_MG-FRTE_prev, loss:5.56946, entity_loss:4.68542, relation_loss:0.88405
2022-06-26 12:53:28,322 it:6020, model name:MG-FRTE_seed=3000_MG-FRTE_prev, loss:3.44696, entity_loss:3.03040, relation_loss:0.41656
2022-06-26 12:53:37,659 it:6040, model name:MG-FRTE_seed=3000_MG-FRTE_prev, loss:4.37564, entity_loss:3.65999, relation_loss:0.71565
2022-06-26 12:53:47,462 it:6060, model name:MG-FRTE_seed=3000_MG-FRTE_prev, loss:2.54331, entity_loss:2.40473, relation_loss:0.13857
2022-06-26 12:54:00,077 it:6080, model name:MG-FRTE_seed=3000_MG-FRTE_prev, loss:3.69047, entity_loss:3.19956, relation_loss:0.49092
2022-06-26 12:54:12,729 it:6100, model name:MG-FRTE_seed=3000_MG-FRTE_prev, loss:1.84843, entity_loss:1.59130, relation_loss:0.25713
2022-06-26 12:54:25,228 it:6120, model name:MG-FRTE_seed=3000_MG-FRTE_prev, loss:3.13633, entity_loss:2.88677, relation_loss:0.24957
2022-06-26 12:54:37,498 it:6140, model name:MG-FRTE_seed=3000_MG-FRTE_prev, loss:4.74142, entity_loss:3.94183, relation_loss:0.79959
2022-06-26 12:54:49,895 it:6160, model name:MG-FRTE_seed=3000_MG-FRTE_prev, loss:2.88891, entity_loss:2.67051, relation_loss:0.21840
2022-06-26 12:55:02,145 it:6180, model name:MG-FRTE_seed=3000_MG-FRTE_prev, loss:3.75475, entity_loss:3.43864, relation_loss:0.31611
2022-06-26 12:55:14,373 it:6200, model name:MG-FRTE_seed=3000_MG-FRTE_prev, loss:3.22394, entity_loss:2.62930, relation_loss:0.59464
2022-06-26 12:55:26,596 it:6220, model name:MG-FRTE_seed=3000_MG-FRTE_prev, loss:3.72443, entity_loss:3.44702, relation_loss:0.27741
2022-06-26 12:55:38,536 it:6240, model name:MG-FRTE_seed=3000_MG-FRTE_prev, loss:3.90243, entity_loss:3.67759, relation_loss:0.22484
2022-06-26 12:55:49,889 it:6260, model name:MG-FRTE_seed=3000_MG-FRTE_prev, loss:2.31719, entity_loss:2.26100, relation_loss:0.05618
2022-06-26 12:56:00,840 it:6280, model name:MG-FRTE_seed=3000_MG-FRTE_prev, loss:2.62332, entity_loss:2.61078, relation_loss:0.01254
2022-06-26 12:56:11,302 it:6300, model name:MG-FRTE_seed=3000_MG-FRTE_prev, loss:3.00889, entity_loss:2.85294, relation_loss:0.15595
2022-06-26 12:56:21,743 it:6320, model name:MG-FRTE_seed=3000_MG-FRTE_prev, loss:4.60626, entity_loss:4.48420, relation_loss:0.12205
2022-06-26 12:56:32,542 it:6340, model name:MG-FRTE_seed=3000_MG-FRTE_prev, loss:3.07303, entity_loss:2.61578, relation_loss:0.45725
2022-06-26 12:56:43,210 it:6360, model name:MG-FRTE_seed=3000_MG-FRTE_prev, loss:2.89758, entity_loss:2.82778, relation_loss:0.06979
2022-06-26 12:56:53,755 it:6380, model name:MG-FRTE_seed=3000_MG-FRTE_prev, loss:2.45517, entity_loss:2.33295, relation_loss:0.12222
2022-06-26 12:57:04,351 it:6400, model name:MG-FRTE_seed=3000_MG-FRTE_prev, loss:4.60355, entity_loss:4.28527, relation_loss:0.31828
2022-06-26 12:57:14,786 it:6420, model name:MG-FRTE_seed=3000_MG-FRTE_prev, loss:3.84166, entity_loss:3.41433, relation_loss:0.42733
2022-06-26 12:57:25,357 it:6440, model name:MG-FRTE_seed=3000_MG-FRTE_prev, loss:5.91881, entity_loss:5.42918, relation_loss:0.48963
2022-06-26 12:57:35,892 it:6460, model name:MG-FRTE_seed=3000_MG-FRTE_prev, loss:4.36474, entity_loss:3.87578, relation_loss:0.48896
2022-06-26 12:57:46,643 it:6480, model name:MG-FRTE_seed=3000_MG-FRTE_prev, loss:2.38220, entity_loss:2.22292, relation_loss:0.15928
2022-06-26 12:57:57,273 it:6500, model name:MG-FRTE_seed=3000_MG-FRTE_prev, loss:3.38859, entity_loss:3.06870, relation_loss:0.31990
2022-06-26 12:58:07,880 it:6520, model name:MG-FRTE_seed=3000_MG-FRTE_prev, loss:2.43315, entity_loss:2.42041, relation_loss:0.01274
2022-06-26 12:58:18,569 it:6540, model name:MG-FRTE_seed=3000_MG-FRTE_prev, loss:2.41556, entity_loss:2.36266, relation_loss:0.05290
2022-06-26 12:58:29,057 it:6560, model name:MG-FRTE_seed=3000_MG-FRTE_prev, loss:2.72070, entity_loss:2.17376, relation_loss:0.54695
2022-06-26 12:58:39,740 it:6580, model name:MG-FRTE_seed=3000_MG-FRTE_prev, loss:5.70952, entity_loss:5.02393, relation_loss:0.68559
2022-06-26 12:58:50,393 it:6600, model name:MG-FRTE_seed=3000_MG-FRTE_prev, loss:2.89580, entity_loss:2.77403, relation_loss:0.12177
2022-06-26 12:59:00,967 it:6620, model name:MG-FRTE_seed=3000_MG-FRTE_prev, loss:3.74528, entity_loss:3.23825, relation_loss:0.50703
2022-06-26 12:59:11,522 it:6640, model name:MG-FRTE_seed=3000_MG-FRTE_prev, loss:2.84700, entity_loss:2.42145, relation_loss:0.42555
2022-06-26 12:59:22,152 it:6660, model name:MG-FRTE_seed=3000_MG-FRTE_prev, loss:3.84975, entity_loss:3.44583, relation_loss:0.40392
2022-06-26 12:59:32,626 it:6680, model name:MG-FRTE_seed=3000_MG-FRTE_prev, loss:2.04658, entity_loss:1.97646, relation_loss:0.07012
2022-06-26 12:59:43,139 it:6700, model name:MG-FRTE_seed=3000_MG-FRTE_prev, loss:2.95810, entity_loss:2.10386, relation_loss:0.85424
2022-06-26 12:59:53,741 it:6720, model name:MG-FRTE_seed=3000_MG-FRTE_prev, loss:3.60987, entity_loss:3.32899, relation_loss:0.28088
2022-06-26 13:00:04,392 it:6740, model name:MG-FRTE_seed=3000_MG-FRTE_prev, loss:3.43837, entity_loss:3.26804, relation_loss:0.17032
2022-06-26 13:00:14,889 it:6760, model name:MG-FRTE_seed=3000_MG-FRTE_prev, loss:4.18428, entity_loss:3.66114, relation_loss:0.52313
2022-06-26 13:00:25,505 it:6780, model name:MG-FRTE_seed=3000_MG-FRTE_prev, loss:2.91601, entity_loss:2.87498, relation_loss:0.04103
2022-06-26 13:00:36,153 it:6800, model name:MG-FRTE_seed=3000_MG-FRTE_prev, loss:4.20995, entity_loss:3.81013, relation_loss:0.39982
2022-06-26 13:00:46,824 it:6820, model name:MG-FRTE_seed=3000_MG-FRTE_prev, loss:2.53481, entity_loss:1.96095, relation_loss:0.57385
2022-06-26 13:00:57,481 it:6840, model name:MG-FRTE_seed=3000_MG-FRTE_prev, loss:3.78044, entity_loss:3.44872, relation_loss:0.33171
2022-06-26 13:01:08,169 it:6860, model name:MG-FRTE_seed=3000_MG-FRTE_prev, loss:3.36457, entity_loss:3.06332, relation_loss:0.30124
2022-06-26 13:01:18,905 it:6880, model name:MG-FRTE_seed=3000_MG-FRTE_prev, loss:3.94566, entity_loss:3.20726, relation_loss:0.73840
2022-06-26 13:01:29,584 it:6900, model name:MG-FRTE_seed=3000_MG-FRTE_prev, loss:1.54195, entity_loss:1.44019, relation_loss:0.10176
2022-06-26 13:01:40,155 it:6920, model name:MG-FRTE_seed=3000_MG-FRTE_prev, loss:3.22921, entity_loss:2.83654, relation_loss:0.39266
2022-06-26 13:01:50,820 it:6940, model name:MG-FRTE_seed=3000_MG-FRTE_prev, loss:4.42981, entity_loss:3.80826, relation_loss:0.62155
2022-06-26 13:02:01,429 it:6960, model name:MG-FRTE_seed=3000_MG-FRTE_prev, loss:3.53922, entity_loss:3.45556, relation_loss:0.08366
2022-06-26 13:02:12,046 it:6980, model name:MG-FRTE_seed=3000_MG-FRTE_prev, loss:3.01582, entity_loss:2.52706, relation_loss:0.48875
2022-06-26 13:03:41,320 Entity: precision: 0.5568, recall: 0.5203, f1: 0.5353
2022-06-26 13:03:41,320 Relation: precision: 0.8623, recall: 0.8623, f1: 0.8623
2022-06-26 13:03:41,320 Triple: precision: 0.5471, recall: 0.5112, f1: 0.5260
2022-06-26 13:03:41,323 6999---5-way-5-shot val   Val accuracy: 52.60
2022-06-26 13:03:41,805 it:7000, model name:MG-FRTE_seed=3000_MG-FRTE_prev, loss:4.96048, entity_loss:4.03689, relation_loss:0.92360
2022-06-26 13:03:50,911 it:7020, model name:MG-FRTE_seed=3000_MG-FRTE_prev, loss:2.43321, entity_loss:2.27245, relation_loss:0.16076
2022-06-26 13:03:59,944 it:7040, model name:MG-FRTE_seed=3000_MG-FRTE_prev, loss:3.05520, entity_loss:2.98830, relation_loss:0.06690
2022-06-26 13:04:10,043 it:7060, model name:MG-FRTE_seed=3000_MG-FRTE_prev, loss:3.38643, entity_loss:3.13366, relation_loss:0.25277
2022-06-26 13:04:25,766 it:7080, model name:MG-FRTE_seed=3000_MG-FRTE_prev, loss:3.16702, entity_loss:3.09340, relation_loss:0.07362
2022-06-26 13:04:38,733 it:7100, model name:MG-FRTE_seed=3000_MG-FRTE_prev, loss:3.15292, entity_loss:3.02220, relation_loss:0.13073
2022-06-26 13:04:51,002 it:7120, model name:MG-FRTE_seed=3000_MG-FRTE_prev, loss:3.36370, entity_loss:2.99051, relation_loss:0.37319
2022-06-26 13:05:03,008 it:7140, model name:MG-FRTE_seed=3000_MG-FRTE_prev, loss:1.80755, entity_loss:1.71558, relation_loss:0.09197
2022-06-26 13:05:14,687 it:7160, model name:MG-FRTE_seed=3000_MG-FRTE_prev, loss:2.83217, entity_loss:2.74175, relation_loss:0.09042
2022-06-26 13:05:26,364 it:7180, model name:MG-FRTE_seed=3000_MG-FRTE_prev, loss:2.54315, entity_loss:2.13600, relation_loss:0.40715
2022-06-26 13:05:38,037 it:7200, model name:MG-FRTE_seed=3000_MG-FRTE_prev, loss:3.28839, entity_loss:3.19721, relation_loss:0.09118
2022-06-26 13:05:49,725 it:7220, model name:MG-FRTE_seed=3000_MG-FRTE_prev, loss:3.13391, entity_loss:3.02163, relation_loss:0.11229
2022-06-26 13:06:01,459 it:7240, model name:MG-FRTE_seed=3000_MG-FRTE_prev, loss:2.65042, entity_loss:2.51166, relation_loss:0.13876
2022-06-26 13:06:12,895 it:7260, model name:MG-FRTE_seed=3000_MG-FRTE_prev, loss:3.85285, entity_loss:3.58578, relation_loss:0.26707
2022-06-26 13:06:23,604 it:7280, model name:MG-FRTE_seed=3000_MG-FRTE_prev, loss:2.66512, entity_loss:2.55036, relation_loss:0.11476
2022-06-26 13:06:34,203 it:7300, model name:MG-FRTE_seed=3000_MG-FRTE_prev, loss:1.30402, entity_loss:1.12517, relation_loss:0.17885
2022-06-26 13:06:44,764 it:7320, model name:MG-FRTE_seed=3000_MG-FRTE_prev, loss:3.07015, entity_loss:2.67628, relation_loss:0.39387
2022-06-26 13:06:55,456 it:7340, model name:MG-FRTE_seed=3000_MG-FRTE_prev, loss:2.01555, entity_loss:2.01200, relation_loss:0.00355
2022-06-26 13:07:06,104 it:7360, model name:MG-FRTE_seed=3000_MG-FRTE_prev, loss:4.91561, entity_loss:4.01035, relation_loss:0.90526
2022-06-26 13:07:16,841 it:7380, model name:MG-FRTE_seed=3000_MG-FRTE_prev, loss:2.26748, entity_loss:2.01804, relation_loss:0.24944
2022-06-26 13:07:27,529 it:7400, model name:MG-FRTE_seed=3000_MG-FRTE_prev, loss:3.16064, entity_loss:2.88792, relation_loss:0.27272
2022-06-26 13:07:38,372 it:7420, model name:MG-FRTE_seed=3000_MG-FRTE_prev, loss:3.41018, entity_loss:3.26022, relation_loss:0.14996
2022-06-26 13:07:49,017 it:7440, model name:MG-FRTE_seed=3000_MG-FRTE_prev, loss:2.62948, entity_loss:2.43529, relation_loss:0.19419
2022-06-26 13:07:59,715 it:7460, model name:MG-FRTE_seed=3000_MG-FRTE_prev, loss:2.26535, entity_loss:2.19951, relation_loss:0.06584
2022-06-26 13:08:10,485 it:7480, model name:MG-FRTE_seed=3000_MG-FRTE_prev, loss:3.37053, entity_loss:2.84016, relation_loss:0.53037
2022-06-26 13:08:21,263 it:7500, model name:MG-FRTE_seed=3000_MG-FRTE_prev, loss:2.18855, entity_loss:2.05814, relation_loss:0.13042
2022-06-26 13:08:31,901 it:7520, model name:MG-FRTE_seed=3000_MG-FRTE_prev, loss:2.78378, entity_loss:2.42263, relation_loss:0.36115
2022-06-26 13:08:42,695 it:7540, model name:MG-FRTE_seed=3000_MG-FRTE_prev, loss:3.24091, entity_loss:2.89324, relation_loss:0.34766
2022-06-26 13:08:53,486 it:7560, model name:MG-FRTE_seed=3000_MG-FRTE_prev, loss:1.84234, entity_loss:1.77595, relation_loss:0.06640
2022-06-26 13:09:04,164 it:7580, model name:MG-FRTE_seed=3000_MG-FRTE_prev, loss:2.56144, entity_loss:1.99495, relation_loss:0.56649
2022-06-26 13:09:14,952 it:7600, model name:MG-FRTE_seed=3000_MG-FRTE_prev, loss:2.36699, entity_loss:1.99584, relation_loss:0.37115
2022-06-26 13:09:25,683 it:7620, model name:MG-FRTE_seed=3000_MG-FRTE_prev, loss:1.78711, entity_loss:1.41198, relation_loss:0.37513
2022-06-26 13:09:36,394 it:7640, model name:MG-FRTE_seed=3000_MG-FRTE_prev, loss:3.43927, entity_loss:3.04882, relation_loss:0.39045
2022-06-26 13:09:47,169 it:7660, model name:MG-FRTE_seed=3000_MG-FRTE_prev, loss:4.85793, entity_loss:4.15003, relation_loss:0.70790
2022-06-26 13:09:57,910 it:7680, model name:MG-FRTE_seed=3000_MG-FRTE_prev, loss:2.76290, entity_loss:2.52588, relation_loss:0.23701
2022-06-26 13:10:08,684 it:7700, model name:MG-FRTE_seed=3000_MG-FRTE_prev, loss:2.56316, entity_loss:1.68978, relation_loss:0.87339
2022-06-26 13:10:19,256 it:7720, model name:MG-FRTE_seed=3000_MG-FRTE_prev, loss:2.08652, entity_loss:2.04699, relation_loss:0.03954
2022-06-26 13:10:30,084 it:7740, model name:MG-FRTE_seed=3000_MG-FRTE_prev, loss:3.02177, entity_loss:2.66967, relation_loss:0.35210
2022-06-26 13:10:40,524 it:7760, model name:MG-FRTE_seed=3000_MG-FRTE_prev, loss:2.57524, entity_loss:2.24834, relation_loss:0.32691
2022-06-26 13:10:50,905 it:7780, model name:MG-FRTE_seed=3000_MG-FRTE_prev, loss:2.18188, entity_loss:1.92368, relation_loss:0.25820
2022-06-26 13:11:01,329 it:7800, model name:MG-FRTE_seed=3000_MG-FRTE_prev, loss:2.76366, entity_loss:2.21851, relation_loss:0.54515
2022-06-26 13:11:11,643 it:7820, model name:MG-FRTE_seed=3000_MG-FRTE_prev, loss:1.74066, entity_loss:1.37698, relation_loss:0.36368
2022-06-26 13:11:21,983 it:7840, model name:MG-FRTE_seed=3000_MG-FRTE_prev, loss:3.82309, entity_loss:3.32570, relation_loss:0.49740
2022-06-26 13:11:32,240 it:7860, model name:MG-FRTE_seed=3000_MG-FRTE_prev, loss:2.39717, entity_loss:2.37375, relation_loss:0.02341
2022-06-26 13:11:42,638 it:7880, model name:MG-FRTE_seed=3000_MG-FRTE_prev, loss:2.48888, entity_loss:2.10546, relation_loss:0.38341
2022-06-26 13:11:53,084 it:7900, model name:MG-FRTE_seed=3000_MG-FRTE_prev, loss:3.11637, entity_loss:2.78315, relation_loss:0.33321
2022-06-26 13:12:03,468 it:7920, model name:MG-FRTE_seed=3000_MG-FRTE_prev, loss:2.90659, entity_loss:2.56357, relation_loss:0.34303
2022-06-26 13:12:13,868 it:7940, model name:MG-FRTE_seed=3000_MG-FRTE_prev, loss:4.01438, entity_loss:3.62996, relation_loss:0.38442
2022-06-26 13:12:24,243 it:7960, model name:MG-FRTE_seed=3000_MG-FRTE_prev, loss:2.62358, entity_loss:2.43717, relation_loss:0.18641
2022-06-26 13:12:34,643 it:7980, model name:MG-FRTE_seed=3000_MG-FRTE_prev, loss:3.49010, entity_loss:3.05489, relation_loss:0.43521
2022-06-26 13:14:03,793 Entity: precision: 0.5644, recall: 0.5106, f1: 0.5339
2022-06-26 13:14:03,794 Relation: precision: 0.8586, recall: 0.8586, f1: 0.8586
2022-06-26 13:14:03,794 Triple: precision: 0.5531, recall: 0.5004, f1: 0.5232
2022-06-26 13:14:03,797 7999---5-way-5-shot val   Val accuracy: 52.32
2022-06-26 13:14:04,247 it:8000, model name:MG-FRTE_seed=3000_MG-FRTE_prev, loss:2.11511, entity_loss:2.04423, relation_loss:0.07088
2022-06-26 13:14:13,478 it:8020, model name:MG-FRTE_seed=3000_MG-FRTE_prev, loss:2.39970, entity_loss:2.25947, relation_loss:0.14024
2022-06-26 13:14:22,483 it:8040, model name:MG-FRTE_seed=3000_MG-FRTE_prev, loss:1.64175, entity_loss:1.53957, relation_loss:0.10218
2022-06-26 13:14:36,377 it:8060, model name:MG-FRTE_seed=3000_MG-FRTE_prev, loss:1.84866, entity_loss:1.58623, relation_loss:0.26243
2022-06-26 13:14:50,943 it:8080, model name:MG-FRTE_seed=3000_MG-FRTE_prev, loss:3.51665, entity_loss:3.01293, relation_loss:0.50372
2022-06-26 13:15:02,930 it:8100, model name:MG-FRTE_seed=3000_MG-FRTE_prev, loss:2.84999, entity_loss:2.06678, relation_loss:0.78322
2022-06-26 13:15:14,019 it:8120, model name:MG-FRTE_seed=3000_MG-FRTE_prev, loss:2.47133, entity_loss:2.43975, relation_loss:0.03158
2022-06-26 13:15:25,096 it:8140, model name:MG-FRTE_seed=3000_MG-FRTE_prev, loss:3.57602, entity_loss:3.27909, relation_loss:0.29693
2022-06-26 13:15:36,113 it:8160, model name:MG-FRTE_seed=3000_MG-FRTE_prev, loss:2.34894, entity_loss:2.08957, relation_loss:0.25937
2022-06-26 13:15:47,184 it:8180, model name:MG-FRTE_seed=3000_MG-FRTE_prev, loss:3.25463, entity_loss:2.87214, relation_loss:0.38249
2022-06-26 13:15:58,309 it:8200, model name:MG-FRTE_seed=3000_MG-FRTE_prev, loss:2.17559, entity_loss:1.90012, relation_loss:0.27547
2022-06-26 13:16:09,243 it:8220, model name:MG-FRTE_seed=3000_MG-FRTE_prev, loss:2.97536, entity_loss:2.61811, relation_loss:0.35724
2022-06-26 13:16:20,189 it:8240, model name:MG-FRTE_seed=3000_MG-FRTE_prev, loss:1.93874, entity_loss:1.53281, relation_loss:0.40593
2022-06-26 13:16:31,085 it:8260, model name:MG-FRTE_seed=3000_MG-FRTE_prev, loss:3.78702, entity_loss:3.36215, relation_loss:0.42487
2022-06-26 13:16:42,099 it:8280, model name:MG-FRTE_seed=3000_MG-FRTE_prev, loss:3.15499, entity_loss:2.56455, relation_loss:0.59045
2022-06-26 13:16:53,067 it:8300, model name:MG-FRTE_seed=3000_MG-FRTE_prev, loss:2.21341, entity_loss:1.91578, relation_loss:0.29762
2022-06-26 13:17:03,904 it:8320, model name:MG-FRTE_seed=3000_MG-FRTE_prev, loss:2.52677, entity_loss:1.85130, relation_loss:0.67547
2022-06-26 13:17:14,665 it:8340, model name:MG-FRTE_seed=3000_MG-FRTE_prev, loss:2.45824, entity_loss:2.01042, relation_loss:0.44782
2022-06-26 13:17:25,653 it:8360, model name:MG-FRTE_seed=3000_MG-FRTE_prev, loss:3.22576, entity_loss:2.96714, relation_loss:0.25862
2022-06-26 13:17:36,771 it:8380, model name:MG-FRTE_seed=3000_MG-FRTE_prev, loss:3.06606, entity_loss:2.92483, relation_loss:0.14123
2022-06-26 13:17:47,688 it:8400, model name:MG-FRTE_seed=3000_MG-FRTE_prev, loss:3.03462, entity_loss:2.41960, relation_loss:0.61503
2022-06-26 13:17:58,592 it:8420, model name:MG-FRTE_seed=3000_MG-FRTE_prev, loss:2.57256, entity_loss:2.45908, relation_loss:0.11348
2022-06-26 13:18:09,501 it:8440, model name:MG-FRTE_seed=3000_MG-FRTE_prev, loss:2.83035, entity_loss:2.38311, relation_loss:0.44724
2022-06-26 13:18:20,523 it:8460, model name:MG-FRTE_seed=3000_MG-FRTE_prev, loss:1.80077, entity_loss:1.62143, relation_loss:0.17934
2022-06-26 13:18:31,437 it:8480, model name:MG-FRTE_seed=3000_MG-FRTE_prev, loss:1.73736, entity_loss:1.71644, relation_loss:0.02092
2022-06-26 13:18:42,401 it:8500, model name:MG-FRTE_seed=3000_MG-FRTE_prev, loss:1.61994, entity_loss:1.52490, relation_loss:0.09505
2022-06-26 13:18:53,378 it:8520, model name:MG-FRTE_seed=3000_MG-FRTE_prev, loss:2.21558, entity_loss:2.21215, relation_loss:0.00342
2022-06-26 13:19:04,399 it:8540, model name:MG-FRTE_seed=3000_MG-FRTE_prev, loss:2.51680, entity_loss:2.43729, relation_loss:0.07951
2022-06-26 13:19:15,420 it:8560, model name:MG-FRTE_seed=3000_MG-FRTE_prev, loss:1.47892, entity_loss:1.28171, relation_loss:0.19721
2022-06-26 13:19:26,388 it:8580, model name:MG-FRTE_seed=3000_MG-FRTE_prev, loss:2.12259, entity_loss:2.08094, relation_loss:0.04166
2022-06-26 13:19:37,340 it:8600, model name:MG-FRTE_seed=3000_MG-FRTE_prev, loss:1.81611, entity_loss:1.49984, relation_loss:0.31627
2022-06-26 13:19:48,243 it:8620, model name:MG-FRTE_seed=3000_MG-FRTE_prev, loss:1.43645, entity_loss:1.30713, relation_loss:0.12933
2022-06-26 13:19:59,346 it:8640, model name:MG-FRTE_seed=3000_MG-FRTE_prev, loss:2.21572, entity_loss:1.81696, relation_loss:0.39877
2022-06-26 13:20:10,215 it:8660, model name:MG-FRTE_seed=3000_MG-FRTE_prev, loss:2.85578, entity_loss:2.56756, relation_loss:0.28822
2022-06-26 13:20:21,163 it:8680, model name:MG-FRTE_seed=3000_MG-FRTE_prev, loss:2.18285, entity_loss:2.06546, relation_loss:0.11739
2022-06-26 13:20:32,182 it:8700, model name:MG-FRTE_seed=3000_MG-FRTE_prev, loss:2.40001, entity_loss:2.24400, relation_loss:0.15601
2022-06-26 13:20:43,141 it:8720, model name:MG-FRTE_seed=3000_MG-FRTE_prev, loss:2.85745, entity_loss:2.41028, relation_loss:0.44717
2022-06-26 13:20:54,066 it:8740, model name:MG-FRTE_seed=3000_MG-FRTE_prev, loss:2.52994, entity_loss:2.33696, relation_loss:0.19298
2022-06-26 13:21:05,071 it:8760, model name:MG-FRTE_seed=3000_MG-FRTE_prev, loss:1.73390, entity_loss:1.53411, relation_loss:0.19979
2022-06-26 13:21:16,051 it:8780, model name:MG-FRTE_seed=3000_MG-FRTE_prev, loss:3.30059, entity_loss:2.72915, relation_loss:0.57144
2022-06-26 13:21:26,952 it:8800, model name:MG-FRTE_seed=3000_MG-FRTE_prev, loss:3.06696, entity_loss:2.97841, relation_loss:0.08855
2022-06-26 13:21:37,871 it:8820, model name:MG-FRTE_seed=3000_MG-FRTE_prev, loss:2.44252, entity_loss:2.17395, relation_loss:0.26857
2022-06-26 13:21:48,939 it:8840, model name:MG-FRTE_seed=3000_MG-FRTE_prev, loss:2.62849, entity_loss:2.25934, relation_loss:0.36915
2022-06-26 13:21:59,988 it:8860, model name:MG-FRTE_seed=3000_MG-FRTE_prev, loss:2.17541, entity_loss:2.00491, relation_loss:0.17050
2022-06-26 13:22:10,823 it:8880, model name:MG-FRTE_seed=3000_MG-FRTE_prev, loss:1.66845, entity_loss:1.46850, relation_loss:0.19995
2022-06-26 13:22:21,787 it:8900, model name:MG-FRTE_seed=3000_MG-FRTE_prev, loss:2.67086, entity_loss:2.52290, relation_loss:0.14796
2022-06-26 13:22:32,724 it:8920, model name:MG-FRTE_seed=3000_MG-FRTE_prev, loss:2.43353, entity_loss:2.33990, relation_loss:0.09363
2022-06-26 13:22:43,671 it:8940, model name:MG-FRTE_seed=3000_MG-FRTE_prev, loss:2.44761, entity_loss:1.81942, relation_loss:0.62819
2022-06-26 13:22:54,556 it:8960, model name:MG-FRTE_seed=3000_MG-FRTE_prev, loss:1.69832, entity_loss:1.38007, relation_loss:0.31825
2022-06-26 13:23:05,529 it:8980, model name:MG-FRTE_seed=3000_MG-FRTE_prev, loss:3.02397, entity_loss:2.50589, relation_loss:0.51809
2022-06-26 13:24:50,456 Entity: precision: 0.5798, recall: 0.5118, f1: 0.5413
2022-06-26 13:24:50,457 Relation: precision: 0.8612, recall: 0.8612, f1: 0.8612
2022-06-26 13:24:50,457 Triple: precision: 0.5687, recall: 0.5022, f1: 0.5311
2022-06-26 13:24:50,460 8999---5-way-5-shot val   Val accuracy: 53.11
2022-06-26 13:24:51,942 it:9000, model name:MG-FRTE_seed=3000_MG-FRTE_prev, loss:2.87979, entity_loss:2.61624, relation_loss:0.26355
2022-06-26 13:25:03,755 it:9020, model name:MG-FRTE_seed=3000_MG-FRTE_prev, loss:3.00314, entity_loss:2.60745, relation_loss:0.39569
2022-06-26 13:25:14,250 it:9040, model name:MG-FRTE_seed=3000_MG-FRTE_prev, loss:3.07621, entity_loss:2.90889, relation_loss:0.16731
2022-06-26 13:25:24,695 it:9060, model name:MG-FRTE_seed=3000_MG-FRTE_prev, loss:3.93818, entity_loss:3.54726, relation_loss:0.39092
2022-06-26 13:25:35,229 it:9080, model name:MG-FRTE_seed=3000_MG-FRTE_prev, loss:2.06948, entity_loss:1.84364, relation_loss:0.22584
2022-06-26 13:25:45,707 it:9100, model name:MG-FRTE_seed=3000_MG-FRTE_prev, loss:3.11236, entity_loss:2.35783, relation_loss:0.75453
2022-06-26 13:25:56,180 it:9120, model name:MG-FRTE_seed=3000_MG-FRTE_prev, loss:1.73403, entity_loss:1.72017, relation_loss:0.01386
2022-06-26 13:26:06,630 it:9140, model name:MG-FRTE_seed=3000_MG-FRTE_prev, loss:2.98905, entity_loss:2.89138, relation_loss:0.09766
2022-06-26 13:26:17,178 it:9160, model name:MG-FRTE_seed=3000_MG-FRTE_prev, loss:1.61271, entity_loss:1.48582, relation_loss:0.12688
2022-06-26 13:26:27,515 it:9180, model name:MG-FRTE_seed=3000_MG-FRTE_prev, loss:3.02426, entity_loss:2.83385, relation_loss:0.19041
2022-06-26 13:26:38,010 it:9200, model name:MG-FRTE_seed=3000_MG-FRTE_prev, loss:2.26226, entity_loss:1.79287, relation_loss:0.46940
2022-06-26 13:26:48,561 it:9220, model name:MG-FRTE_seed=3000_MG-FRTE_prev, loss:3.49025, entity_loss:3.30027, relation_loss:0.18999
2022-06-26 13:26:59,160 it:9240, model name:MG-FRTE_seed=3000_MG-FRTE_prev, loss:2.66868, entity_loss:2.53061, relation_loss:0.13807
2022-06-26 13:27:09,646 it:9260, model name:MG-FRTE_seed=3000_MG-FRTE_prev, loss:3.71861, entity_loss:3.03094, relation_loss:0.68767
2022-06-26 13:27:20,183 it:9280, model name:MG-FRTE_seed=3000_MG-FRTE_prev, loss:3.92406, entity_loss:3.46425, relation_loss:0.45980
2022-06-26 13:27:30,608 it:9300, model name:MG-FRTE_seed=3000_MG-FRTE_prev, loss:1.24610, entity_loss:1.20359, relation_loss:0.04251
2022-06-26 13:27:41,148 it:9320, model name:MG-FRTE_seed=3000_MG-FRTE_prev, loss:2.24074, entity_loss:2.18185, relation_loss:0.05888
2022-06-26 13:27:51,513 it:9340, model name:MG-FRTE_seed=3000_MG-FRTE_prev, loss:1.58004, entity_loss:1.26676, relation_loss:0.31329
2022-06-26 13:28:02,030 it:9360, model name:MG-FRTE_seed=3000_MG-FRTE_prev, loss:2.68265, entity_loss:2.34035, relation_loss:0.34231
2022-06-26 13:28:12,478 it:9380, model name:MG-FRTE_seed=3000_MG-FRTE_prev, loss:2.78305, entity_loss:2.50836, relation_loss:0.27468
2022-06-26 13:28:23,087 it:9400, model name:MG-FRTE_seed=3000_MG-FRTE_prev, loss:2.17511, entity_loss:1.87431, relation_loss:0.30080
2022-06-26 13:28:33,578 it:9420, model name:MG-FRTE_seed=3000_MG-FRTE_prev, loss:1.71704, entity_loss:1.40977, relation_loss:0.30727
2022-06-26 13:28:44,142 it:9440, model name:MG-FRTE_seed=3000_MG-FRTE_prev, loss:3.63711, entity_loss:3.32650, relation_loss:0.31061
2022-06-26 13:28:54,580 it:9460, model name:MG-FRTE_seed=3000_MG-FRTE_prev, loss:2.45219, entity_loss:2.34437, relation_loss:0.10782
2022-06-26 13:29:05,181 it:9480, model name:MG-FRTE_seed=3000_MG-FRTE_prev, loss:2.46020, entity_loss:1.92027, relation_loss:0.53994
2022-06-26 13:29:15,551 it:9500, model name:MG-FRTE_seed=3000_MG-FRTE_prev, loss:2.25513, entity_loss:2.05128, relation_loss:0.20385
2022-06-26 13:29:26,053 it:9520, model name:MG-FRTE_seed=3000_MG-FRTE_prev, loss:1.44269, entity_loss:1.37023, relation_loss:0.07246
2022-06-26 13:29:36,656 it:9540, model name:MG-FRTE_seed=3000_MG-FRTE_prev, loss:2.38392, entity_loss:1.99797, relation_loss:0.38595
2022-06-26 13:29:47,853 it:9560, model name:MG-FRTE_seed=3000_MG-FRTE_prev, loss:1.47909, entity_loss:1.27854, relation_loss:0.20054
2022-06-26 13:29:58,273 it:9580, model name:MG-FRTE_seed=3000_MG-FRTE_prev, loss:3.41179, entity_loss:2.29324, relation_loss:1.11855
2022-06-26 13:30:08,748 it:9600, model name:MG-FRTE_seed=3000_MG-FRTE_prev, loss:1.46792, entity_loss:1.32682, relation_loss:0.14110
2022-06-26 13:30:19,340 it:9620, model name:MG-FRTE_seed=3000_MG-FRTE_prev, loss:2.63369, entity_loss:2.45413, relation_loss:0.17956
2022-06-26 13:30:29,850 it:9640, model name:MG-FRTE_seed=3000_MG-FRTE_prev, loss:2.04669, entity_loss:1.78043, relation_loss:0.26625
2022-06-26 13:30:40,199 it:9660, model name:MG-FRTE_seed=3000_MG-FRTE_prev, loss:1.70677, entity_loss:1.61282, relation_loss:0.09395
2022-06-26 13:30:50,747 it:9680, model name:MG-FRTE_seed=3000_MG-FRTE_prev, loss:2.12238, entity_loss:1.70509, relation_loss:0.41729
2022-06-26 13:31:01,287 it:9700, model name:MG-FRTE_seed=3000_MG-FRTE_prev, loss:2.19894, entity_loss:1.99507, relation_loss:0.20387
2022-06-26 13:31:11,926 it:9720, model name:MG-FRTE_seed=3000_MG-FRTE_prev, loss:3.03759, entity_loss:2.93575, relation_loss:0.10185
2022-06-26 13:31:24,950 it:9740, model name:MG-FRTE_seed=3000_MG-FRTE_prev, loss:2.22024, entity_loss:2.04522, relation_loss:0.17502
2022-06-26 13:32:06,615 it:9760, model name:MG-FRTE_seed=3000_MG-FRTE_prev, loss:1.16455, entity_loss:1.16028, relation_loss:0.00427
2022-06-26 13:32:19,317 it:9780, model name:MG-FRTE_seed=3000_MG-FRTE_prev, loss:2.60145, entity_loss:2.47129, relation_loss:0.13016
2022-06-26 13:32:31,024 it:9800, model name:MG-FRTE_seed=3000_MG-FRTE_prev, loss:0.30540, entity_loss:0.27798, relation_loss:0.02743
2022-06-26 13:32:42,761 it:9820, model name:MG-FRTE_seed=3000_MG-FRTE_prev, loss:2.04224, entity_loss:1.88765, relation_loss:0.15459
2022-06-26 13:32:53,844 it:9840, model name:MG-FRTE_seed=3000_MG-FRTE_prev, loss:2.06967, entity_loss:2.00289, relation_loss:0.06678
2022-06-26 13:33:04,424 it:9860, model name:MG-FRTE_seed=3000_MG-FRTE_prev, loss:3.07950, entity_loss:2.76193, relation_loss:0.31757
2022-06-26 13:33:15,084 it:9880, model name:MG-FRTE_seed=3000_MG-FRTE_prev, loss:1.87392, entity_loss:1.64207, relation_loss:0.23184
2022-06-26 13:33:25,786 it:9900, model name:MG-FRTE_seed=3000_MG-FRTE_prev, loss:2.08061, entity_loss:2.05625, relation_loss:0.02436
2022-06-26 13:33:36,600 it:9920, model name:MG-FRTE_seed=3000_MG-FRTE_prev, loss:2.07783, entity_loss:1.70374, relation_loss:0.37409
2022-06-26 13:34:07,480 it:9940, model name:MG-FRTE_seed=3000_MG-FRTE_prev, loss:2.50405, entity_loss:1.77445, relation_loss:0.72960
2022-06-26 13:34:22,229 it:9960, model name:MG-FRTE_seed=3000_MG-FRTE_prev, loss:2.06754, entity_loss:1.99632, relation_loss:0.07122
2022-06-26 13:34:33,995 it:9980, model name:MG-FRTE_seed=3000_MG-FRTE_prev, loss:1.97668, entity_loss:1.73006, relation_loss:0.24662
2022-06-26 13:36:03,469 Entity: precision: 0.5588, recall: 0.5355, f1: 0.5447
2022-06-26 13:36:03,469 Relation: precision: 0.8606, recall: 0.8606, f1: 0.8606
2022-06-26 13:36:03,469 Triple: precision: 0.5488, recall: 0.5260, f1: 0.5350
2022-06-26 13:36:03,472 9999---5-way-5-shot val   Val accuracy: 53.50
2022-06-26 13:38:40,828 Entity: precision: 0.5602, recall: 0.5531, f1: 0.5548
2022-06-26 13:38:40,828 Relation: precision: 0.8961, recall: 0.8961, f1: 0.8961
2022-06-26 13:38:40,828 Triple: precision: 0.5535, recall: 0.5465, f1: 0.5481
2022-06-26 13:44:53,095 Entity: precision: 0.5206, recall: 0.5599, f1: 0.5388
2022-06-26 13:44:53,095 Relation: precision: 0.8372, recall: 0.8372, f1: 0.8372
2022-06-26 13:44:53,095 Triple: precision: 0.5110, recall: 0.5496, f1: 0.5289